[1103/214142.115:INFO:CONSOLE(375)] "Observable store detected, but no sort order specified. You may experience quirks when adding/updating items.  These can be resolved by setting a sort order on the list or grid.", source: http://54.215.2.79:8010/esp/files/dist/stub.eclwatch.js (375)
[1109/105423.076:INFO:CONSOLE(375)] "Observable store detected, but no sort order specified. You may experience quirks when adding/updating items.  These can be resolved by setting a sort order on the list or grid.", source: http://54.215.2.79:8010/esp/files/dist/stub.eclwatch.js (375)
[1109/105524.580:INFO:CONSOLE(375)] "Observable store detected, but no sort order specified. You may experience quirks when adding/updating items.  These can be resolved by setting a sort order on the list or grid.", source: http://54.215.2.79:8010/esp/files/dist/stub.eclwatch.js (375)
[1109/105606.777:INFO:CONSOLE(375)] "Observable store detected, but no sort order specified. You may experience quirks when adding/updating items.  These can be resolved by setting a sort order on the list or grid.", source: http://54.215.2.79:8010/esp/files/dist/stub.eclwatch.js (375)
[1109/105619.322:INFO:CONSOLE(435)] "Error: <g> attribute transform: Expected number, "translate(undefined,undefi…".", source: http://54.215.2.79:8010/esp/files/dist/stub.eclwatch.js (435)
[1109/105619.338:INFO:CONSOLE(435)] "Error: <g> attribute transform: Expected number, "translate(undefined,undefi…".", source: http://54.215.2.79:8010/esp/files/dist/stub.eclwatch.js (435)
[1109/105619.349:INFO:CONSOLE(435)] "Error: <g> attribute transform: Expected number, "translate(undefined,undefi…".", source: http://54.215.2.79:8010/esp/files/dist/stub.eclwatch.js (435)
[1109/105619.359:INFO:CONSOLE(435)] "Error: <g> attribute transform: Expected number, "translate(undefined,undefi…".", source: http://54.215.2.79:8010/esp/files/dist/stub.eclwatch.js (435)
[1109/105619.368:INFO:CONSOLE(435)] "Error: <g> attribute transform: Expected number, "translate(undefined,undefi…".", source: http://54.215.2.79:8010/esp/files/dist/stub.eclwatch.js (435)
[1109/105619.379:INFO:CONSOLE(435)] "Error: <g> attribute transform: Expected number, "translate(undefined,undefi…".", source: http://54.215.2.79:8010/esp/files/dist/stub.eclwatch.js (435)
[1109/105619.388:INFO:CONSOLE(435)] "Error: <g> attribute transform: Expected number, "translate(undefined,undefi…".", source: http://54.215.2.79:8010/esp/files/dist/stub.eclwatch.js (435)
[1109/105619.398:INFO:CONSOLE(435)] "Error: <g> attribute transform: Expected number, "translate(undefined,undefi…".", source: http://54.215.2.79:8010/esp/files/dist/stub.eclwatch.js (435)
[1109/105619.408:INFO:CONSOLE(435)] "Error: <g> attribute transform: Expected number, "translate(undefined,undefi…".", source: http://54.215.2.79:8010/esp/files/dist/stub.eclwatch.js (435)
[1109/105619.417:INFO:CONSOLE(435)] "Error: <g> attribute transform: Expected number, "translate(undefined,undefi…".", source: http://54.215.2.79:8010/esp/files/dist/stub.eclwatch.js (435)
[1109/105619.427:INFO:CONSOLE(435)] "Error: <g> attribute transform: Expected number, "translate(undefined,undefi…".", source: http://54.215.2.79:8010/esp/files/dist/stub.eclwatch.js (435)
[1109/105619.437:INFO:CONSOLE(435)] "Error: <g> attribute transform: Expected number, "translate(undefined,undefi…".", source: http://54.215.2.79:8010/esp/files/dist/stub.eclwatch.js (435)
[1109/105619.447:INFO:CONSOLE(435)] "Error: <g> attribute transform: Expected number, "translate(undefined,undefi…".", source: http://54.215.2.79:8010/esp/files/dist/stub.eclwatch.js (435)
[1109/105619.456:INFO:CONSOLE(435)] "Error: <g> attribute transform: Expected number, "translate(undefined,undefi…".", source: http://54.215.2.79:8010/esp/files/dist/stub.eclwatch.js (435)
[1109/105619.467:INFO:CONSOLE(435)] "Error: <g> attribute transform: Expected number, "translate(undefined,undefi…".", source: http://54.215.2.79:8010/esp/files/dist/stub.eclwatch.js (435)
[1109/105619.479:INFO:CONSOLE(435)] "Error: <g> attribute transform: Expected number, "translate(undefined,undefi…".", source: http://54.215.2.79:8010/esp/files/dist/stub.eclwatch.js (435)
[1109/105619.489:INFO:CONSOLE(435)] "Error: <g> attribute transform: Expected number, "translate(undefined,undefi…".", source: http://54.215.2.79:8010/esp/files/dist/stub.eclwatch.js (435)
[1109/105619.500:INFO:CONSOLE(435)] "Error: <g> attribute transform: Expected number, "translate(undefined,undefi…".", source: http://54.215.2.79:8010/esp/files/dist/stub.eclwatch.js (435)
[1109/105619.510:INFO:CONSOLE(435)] "Error: <g> attribute transform: Expected number, "translate(undefined,undefi…".", source: http://54.215.2.79:8010/esp/files/dist/stub.eclwatch.js (435)
[1109/105619.518:INFO:CONSOLE(435)] "Error: <g> attribute transform: Expected number, "translate(undefined,undefi…".", source: http://54.215.2.79:8010/esp/files/dist/stub.eclwatch.js (435)
[1109/105619.527:INFO:CONSOLE(435)] "Error: <g> attribute transform: Expected number, "translate(undefined,undefi…".", source: http://54.215.2.79:8010/esp/files/dist/stub.eclwatch.js (435)
[1109/105619.538:INFO:CONSOLE(435)] "Error: <g> attribute transform: Expected number, "translate(undefined,undefi…".", source: http://54.215.2.79:8010/esp/files/dist/stub.eclwatch.js (435)
[1109/105619.548:INFO:CONSOLE(435)] "Error: <g> attribute transform: Expected number, "translate(undefined,undefi…".", source: http://54.215.2.79:8010/esp/files/dist/stub.eclwatch.js (435)
[1109/105619.556:INFO:CONSOLE(435)] "Error: <g> attribute transform: Expected number, "translate(undefined,undefi…".", source: http://54.215.2.79:8010/esp/files/dist/stub.eclwatch.js (435)
[1109/105619.565:INFO:CONSOLE(435)] "Error: <g> attribute transform: Expected number, "translate(undefined,undefi…".", source: http://54.215.2.79:8010/esp/files/dist/stub.eclwatch.js (435)
[1109/105619.574:INFO:CONSOLE(435)] "Error: <g> attribute transform: Expected number, "translate(undefined,undefi…".", source: http://54.215.2.79:8010/esp/files/dist/stub.eclwatch.js (435)
[1109/105619.583:INFO:CONSOLE(435)] "Error: <g> attribute transform: Expected number, "translate(undefined,undefi…".", source: http://54.215.2.79:8010/esp/files/dist/stub.eclwatch.js (435)
[1109/105619.592:INFO:CONSOLE(435)] "Error: <g> attribute transform: Expected number, "translate(undefined,undefi…".", source: http://54.215.2.79:8010/esp/files/dist/stub.eclwatch.js (435)
[1109/105619.602:INFO:CONSOLE(435)] "Error: <g> attribute transform: Expected number, "translate(undefined,undefi…".", source: http://54.215.2.79:8010/esp/files/dist/stub.eclwatch.js (435)
[1109/105619.611:INFO:CONSOLE(435)] "Error: <g> attribute transform: Expected number, "translate(undefined,undefi…".", source: http://54.215.2.79:8010/esp/files/dist/stub.eclwatch.js (435)
[1109/105619.619:INFO:CONSOLE(435)] "Error: <g> attribute transform: Expected number, "translate(undefined,undefi…".", source: http://54.215.2.79:8010/esp/files/dist/stub.eclwatch.js (435)
[1109/105619.627:INFO:CONSOLE(435)] "Error: <g> attribute transform: Expected number, "translate(undefined,undefi…".", source: http://54.215.2.79:8010/esp/files/dist/stub.eclwatch.js (435)
[1109/105619.634:INFO:CONSOLE(435)] "Error: <g> attribute transform: Expected number, "translate(undefined,undefi…".", source: http://54.215.2.79:8010/esp/files/dist/stub.eclwatch.js (435)
[1109/105619.643:INFO:CONSOLE(435)] "Error: <g> attribute transform: Expected number, "translate(undefined,undefi…".", source: http://54.215.2.79:8010/esp/files/dist/stub.eclwatch.js (435)
[1109/105619.654:INFO:CONSOLE(435)] "Error: <g> attribute transform: Expected number, "translate(undefined,undefi…".", source: http://54.215.2.79:8010/esp/files/dist/stub.eclwatch.js (435)
[1109/105619.664:INFO:CONSOLE(435)] "Error: <g> attribute transform: Expected number, "translate(undefined,undefi…".", source: http://54.215.2.79:8010/esp/files/dist/stub.eclwatch.js (435)
[1109/105619.674:INFO:CONSOLE(435)] "Error: <g> attribute transform: Expected number, "translate(undefined,undefi…".", source: http://54.215.2.79:8010/esp/files/dist/stub.eclwatch.js (435)
[1109/105622.249:INFO:CONSOLE(1)] "wasm streaming compile failed: TypeError: Failed to execute 'compile' on 'WebAssembly': Incorrect response MIME type. Expected 'application/wasm'.", source: blob:http://54.215.2.79:8010/6d376fb8-0b68-43b4-b509-c44d09a568ba (1)
[1109/105622.253:INFO:CONSOLE(1)] "falling back to ArrayBuffer instantiation", source: blob:http://54.215.2.79:8010/6d376fb8-0b68-43b4-b509-c44d09a568ba (1)
[1109/132304.863:INFO:CONSOLE(375)] "Observable store detected, but no sort order specified. You may experience quirks when adding/updating items.  These can be resolved by setting a sort order on the list or grid.", source: http://54.215.2.79:8010/esp/files/dist/stub.eclwatch.js (375)
[1109/132307.778:INFO:CONSOLE(375)] "Observable store detected, but no sort order specified. You may experience quirks when adding/updating items.  These can be resolved by setting a sort order on the list or grid.", source: http://54.215.2.79:8010/esp/files/dist/stub.eclwatch.js (375)
[1109/132329.894:INFO:CONSOLE(435)] "Error: <g> attribute transform: Expected number, "translate(undefined,undefi…".", source: http://54.215.2.79:8010/esp/files/dist/stub.eclwatch.js (435)
[1109/132329.912:INFO:CONSOLE(435)] "Error: <g> attribute transform: Expected number, "translate(undefined,undefi…".", source: http://54.215.2.79:8010/esp/files/dist/stub.eclwatch.js (435)
[1109/132330.290:INFO:CONSOLE(1)] "wasm streaming compile failed: TypeError: Failed to execute 'compile' on 'WebAssembly': Incorrect response MIME type. Expected 'application/wasm'.", source: blob:http://54.215.2.79:8010/1754079b-bdfe-4da4-8d86-a1f484913f3f (1)
[1109/132330.290:INFO:CONSOLE(1)] "falling back to ArrayBuffer instantiation", source: blob:http://54.215.2.79:8010/1754079b-bdfe-4da4-8d86-a1f484913f3f (1)
[1109/135600.644:INFO:CONSOLE(375)] "Observable store detected, but no sort order specified. You may experience quirks when adding/updating items.  These can be resolved by setting a sort order on the list or grid.", source: http://54.215.2.79:8010/esp/files/dist/stub.eclwatch.js (375)
[1109/215823.232:WARNING:dns_config_service_win.cc(669)] Failed to read DnsConfig.
[1109/215828.257:WARNING:dns_config_service_win.cc(669)] Failed to read DnsConfig.
[1109/215936.532:WARNING:dns_config_service_win.cc(669)] Failed to read DnsConfig.
[1109/215939.005:WARNING:dns_config_service_win.cc(669)] Failed to read DnsConfig.
[1109/215941.550:WARNING:dns_config_service_win.cc(669)] Failed to read DnsConfig.
[1109/215944.030:WARNING:dns_config_service_win.cc(669)] Failed to read DnsConfig.
[1109/215946.591:WARNING:dns_config_service_win.cc(669)] Failed to read DnsConfig.
[1109/215949.052:WARNING:dns_config_service_win.cc(669)] Failed to read DnsConfig.
[1109/215951.598:WARNING:dns_config_service_win.cc(669)] Failed to read DnsConfig.
[1109/215954.078:WARNING:dns_config_service_win.cc(669)] Failed to read DnsConfig.
[1109/215956.622:WARNING:dns_config_service_win.cc(669)] Failed to read DnsConfig.
[1109/215959.104:WARNING:dns_config_service_win.cc(669)] Failed to read DnsConfig.
[1109/220001.649:WARNING:dns_config_service_win.cc(669)] Failed to read DnsConfig.
[1109/220004.130:WARNING:dns_config_service_win.cc(669)] Failed to read DnsConfig.
[1109/220006.675:WARNING:dns_config_service_win.cc(669)] Failed to read DnsConfig.
[1109/220009.157:WARNING:dns_config_service_win.cc(669)] Failed to read DnsConfig.
[1109/220011.702:WARNING:dns_config_service_win.cc(669)] Failed to read DnsConfig.
[1109/220014.184:WARNING:dns_config_service_win.cc(669)] Failed to read DnsConfig.
[1109/220016.727:WARNING:dns_config_service_win.cc(669)] Failed to read DnsConfig.
[1109/220019.208:WARNING:dns_config_service_win.cc(669)] Failed to read DnsConfig.
[1109/220021.753:WARNING:dns_config_service_win.cc(669)] Failed to read DnsConfig.
[1109/220024.242:WARNING:dns_config_service_win.cc(669)] Failed to read DnsConfig.
[1109/220026.803:WARNING:dns_config_service_win.cc(669)] Failed to read DnsConfig.
[1109/220029.277:WARNING:dns_config_service_win.cc(669)] Failed to read DnsConfig.
[1109/220031.814:WARNING:dns_config_service_win.cc(669)] Failed to read DnsConfig.
[1109/220034.305:WARNING:dns_config_service_win.cc(669)] Failed to read DnsConfig.
[1109/220118.644:WARNING:dns_config_service_win.cc(669)] Failed to read DnsConfig.
[1109/220121.568:WARNING:dns_config_service_win.cc(669)] Failed to read DnsConfig.
[1109/220123.656:WARNING:dns_config_service_win.cc(669)] Failed to read DnsConfig.
[1109/220126.596:WARNING:dns_config_service_win.cc(669)] Failed to read DnsConfig.
[1109/220128.687:WARNING:dns_config_service_win.cc(669)] Failed to read DnsConfig.
[1109/220234.199:WARNING:dns_config_service_win.cc(669)] Failed to read DnsConfig.
[1109/220236.767:WARNING:dns_config_service_win.cc(669)] Failed to read DnsConfig.
[1109/220239.206:WARNING:dns_config_service_win.cc(669)] Failed to read DnsConfig.
[1109/220241.783:WARNING:dns_config_service_win.cc(669)] Failed to read DnsConfig.
[1109/220244.239:WARNING:dns_config_service_win.cc(669)] Failed to read DnsConfig.
[1109/220246.818:WARNING:dns_config_service_win.cc(669)] Failed to read DnsConfig.
[1109/220249.274:WARNING:dns_config_service_win.cc(669)] Failed to read DnsConfig.
[1109/220251.854:WARNING:dns_config_service_win.cc(669)] Failed to read DnsConfig.
[1109/220254.294:WARNING:dns_config_service_win.cc(669)] Failed to read DnsConfig.
[1109/220256.886:WARNING:dns_config_service_win.cc(669)] Failed to read DnsConfig.
[1109/220259.311:WARNING:dns_config_service_win.cc(669)] Failed to read DnsConfig.
[1109/220301.918:WARNING:dns_config_service_win.cc(669)] Failed to read DnsConfig.
[1109/220304.349:WARNING:dns_config_service_win.cc(669)] Failed to read DnsConfig.
[1109/220306.939:WARNING:dns_config_service_win.cc(669)] Failed to read DnsConfig.
[1109/220309.379:WARNING:dns_config_service_win.cc(669)] Failed to read DnsConfig.
[1109/220311.974:WARNING:dns_config_service_win.cc(669)] Failed to read DnsConfig.
[1109/220314.406:WARNING:dns_config_service_win.cc(669)] Failed to read DnsConfig.
[1109/220317.015:WARNING:dns_config_service_win.cc(669)] Failed to read DnsConfig.
[1109/220319.435:WARNING:dns_config_service_win.cc(669)] Failed to read DnsConfig.
[1109/220322.045:WARNING:dns_config_service_win.cc(669)] Failed to read DnsConfig.
[1109/220324.470:WARNING:dns_config_service_win.cc(669)] Failed to read DnsConfig.
[1109/220327.079:WARNING:dns_config_service_win.cc(669)] Failed to read DnsConfig.
[1109/220329.511:WARNING:dns_config_service_win.cc(669)] Failed to read DnsConfig.
[1109/220332.114:WARNING:dns_config_service_win.cc(669)] Failed to read DnsConfig.
[1109/220435.184:WARNING:dns_config_service_win.cc(669)] Failed to read DnsConfig.
[1109/220440.215:WARNING:dns_config_service_win.cc(669)] Failed to read DnsConfig.
[1109/220548.026:WARNING:dns_config_service_win.cc(669)] Failed to read DnsConfig.
[1109/220550.526:WARNING:dns_config_service_win.cc(669)] Failed to read DnsConfig.
[1109/220553.035:WARNING:dns_config_service_win.cc(669)] Failed to read DnsConfig.
[1109/220555.548:WARNING:dns_config_service_win.cc(669)] Failed to read DnsConfig.
[1109/220558.061:WARNING:dns_config_service_win.cc(669)] Failed to read DnsConfig.
[1109/220600.573:WARNING:dns_config_service_win.cc(669)] Failed to read DnsConfig.
[1109/220603.085:WARNING:dns_config_service_win.cc(669)] Failed to read DnsConfig.
[1109/220605.601:WARNING:dns_config_service_win.cc(669)] Failed to read DnsConfig.
[1109/220608.116:WARNING:dns_config_service_win.cc(669)] Failed to read DnsConfig.
[1109/220610.628:WARNING:dns_config_service_win.cc(669)] Failed to read DnsConfig.
[1109/220613.124:WARNING:dns_config_service_win.cc(669)] Failed to read DnsConfig.
[1109/220615.663:WARNING:dns_config_service_win.cc(669)] Failed to read DnsConfig.
[1109/220618.146:WARNING:dns_config_service_win.cc(669)] Failed to read DnsConfig.
[1109/220620.690:WARNING:dns_config_service_win.cc(669)] Failed to read DnsConfig.
[1109/220623.172:WARNING:dns_config_service_win.cc(669)] Failed to read DnsConfig.
[1109/220625.717:WARNING:dns_config_service_win.cc(669)] Failed to read DnsConfig.
[1109/220628.214:WARNING:dns_config_service_win.cc(669)] Failed to read DnsConfig.
[1109/220630.742:WARNING:dns_config_service_win.cc(669)] Failed to read DnsConfig.
[1109/220633.236:WARNING:dns_config_service_win.cc(669)] Failed to read DnsConfig.
[1109/220635.772:WARNING:dns_config_service_win.cc(669)] Failed to read DnsConfig.
[1109/220638.262:WARNING:dns_config_service_win.cc(669)] Failed to read DnsConfig.
[1109/220640.798:WARNING:dns_config_service_win.cc(669)] Failed to read DnsConfig.
[1109/220643.289:WARNING:dns_config_service_win.cc(669)] Failed to read DnsConfig.
[1109/220645.825:WARNING:dns_config_service_win.cc(669)] Failed to read DnsConfig.
[1110/003432.199:WARNING:dns_config_service_win.cc(669)] Failed to read DnsConfig.
[1110/003434.693:WARNING:dns_config_service_win.cc(669)] Failed to read DnsConfig.
[1110/003508.604:WARNING:dns_config_service_win.cc(669)] Failed to read DnsConfig.
[1110/003511.368:WARNING:dns_config_service_win.cc(669)] Failed to read DnsConfig.
[1110/003513.607:WARNING:dns_config_service_win.cc(669)] Failed to read DnsConfig.
[1110/003516.399:WARNING:dns_config_service_win.cc(669)] Failed to read DnsConfig.
[1110/003518.625:WARNING:dns_config_service_win.cc(669)] Failed to read DnsConfig.
[1110/003624.379:WARNING:dns_config_service_win.cc(716)] Failed to read DnsHosts.
[1110/003624.524:WARNING:dns_config_service_win.cc(669)] Failed to read DnsConfig.
[1110/003627.098:WARNING:dns_config_service_win.cc(669)] Failed to read DnsConfig.
[1110/003629.557:WARNING:dns_config_service_win.cc(669)] Failed to read DnsConfig.
[1110/003632.121:WARNING:dns_config_service_win.cc(669)] Failed to read DnsConfig.
[1110/003634.564:WARNING:dns_config_service_win.cc(669)] Failed to read DnsConfig.
[1110/003637.154:WARNING:dns_config_service_win.cc(669)] Failed to read DnsConfig.
[1110/003639.598:WARNING:dns_config_service_win.cc(669)] Failed to read DnsConfig.
[1110/003642.181:WARNING:dns_config_service_win.cc(669)] Failed to read DnsConfig.
[1110/003644.608:WARNING:dns_config_service_win.cc(669)] Failed to read DnsConfig.
[1110/003647.215:WARNING:dns_config_service_win.cc(669)] Failed to read DnsConfig.
[1110/003649.642:WARNING:dns_config_service_win.cc(669)] Failed to read DnsConfig.
[1110/003652.225:WARNING:dns_config_service_win.cc(669)] Failed to read DnsConfig.
[1110/003654.668:WARNING:dns_config_service_win.cc(669)] Failed to read DnsConfig.
[1110/003657.248:WARNING:dns_config_service_win.cc(669)] Failed to read DnsConfig.
[1110/003659.693:WARNING:dns_config_service_win.cc(669)] Failed to read DnsConfig.
[1110/003702.282:WARNING:dns_config_service_win.cc(669)] Failed to read DnsConfig.
[1110/003704.721:WARNING:dns_config_service_win.cc(669)] Failed to read DnsConfig.
[1110/003707.319:WARNING:dns_config_service_win.cc(669)] Failed to read DnsConfig.
[1110/003709.748:WARNING:dns_config_service_win.cc(669)] Failed to read DnsConfig.
[1110/003712.351:WARNING:dns_config_service_win.cc(669)] Failed to read DnsConfig.
[1110/003714.776:WARNING:dns_config_service_win.cc(669)] Failed to read DnsConfig.
[1110/003717.395:WARNING:dns_config_service_win.cc(669)] Failed to read DnsConfig.
[1110/003719.812:WARNING:dns_config_service_win.cc(669)] Failed to read DnsConfig.
[1110/003722.425:WARNING:dns_config_service_win.cc(669)] Failed to read DnsConfig.
[1110/003724.837:WARNING:dns_config_service_win.cc(669)] Failed to read DnsConfig.
[1110/003809.792:WARNING:dns_config_service_win.cc(669)] Failed to read DnsConfig.
[1110/003814.816:WARNING:dns_config_service_win.cc(669)] Failed to read DnsConfig.
[1110/003922.924:WARNING:dns_config_service_win.cc(669)] Failed to read DnsConfig.
[1110/003925.465:WARNING:dns_config_service_win.cc(669)] Failed to read DnsConfig.
[1110/003927.925:WARNING:dns_config_service_win.cc(669)] Failed to read DnsConfig.
[1110/003930.502:WARNING:dns_config_service_win.cc(669)] Failed to read DnsConfig.
[1110/003932.957:WARNING:dns_config_service_win.cc(669)] Failed to read DnsConfig.
[1110/003935.522:WARNING:dns_config_service_win.cc(669)] Failed to read DnsConfig.
[1110/003937.966:WARNING:dns_config_service_win.cc(669)] Failed to read DnsConfig.
[1110/003940.548:WARNING:dns_config_service_win.cc(669)] Failed to read DnsConfig.
[1110/003942.992:WARNING:dns_config_service_win.cc(669)] Failed to read DnsConfig.
[1110/003945.575:WARNING:dns_config_service_win.cc(669)] Failed to read DnsConfig.
[1110/003948.035:WARNING:dns_config_service_win.cc(669)] Failed to read DnsConfig.
[1110/003950.601:WARNING:dns_config_service_win.cc(669)] Failed to read DnsConfig.
[1110/003953.045:WARNING:dns_config_service_win.cc(669)] Failed to read DnsConfig.
[1110/003955.627:WARNING:dns_config_service_win.cc(669)] Failed to read DnsConfig.
[1110/003958.072:WARNING:dns_config_service_win.cc(669)] Failed to read DnsConfig.
[1110/004000.654:WARNING:dns_config_service_win.cc(669)] Failed to read DnsConfig.
[1110/004003.112:WARNING:dns_config_service_win.cc(669)] Failed to read DnsConfig.
[1110/004005.693:WARNING:dns_config_service_win.cc(669)] Failed to read DnsConfig.
[1110/004008.140:WARNING:dns_config_service_win.cc(669)] Failed to read DnsConfig.
[1110/004010.705:WARNING:dns_config_service_win.cc(669)] Failed to read DnsConfig.
[1110/004013.157:WARNING:dns_config_service_win.cc(669)] Failed to read DnsConfig.
[1110/004015.722:WARNING:dns_config_service_win.cc(669)] Failed to read DnsConfig.
[1110/004018.181:WARNING:dns_config_service_win.cc(669)] Failed to read DnsConfig.
[1110/004020.747:WARNING:dns_config_service_win.cc(669)] Failed to read DnsConfig.
[1110/004121.077:WARNING:dns_config_service_win.cc(669)] Failed to read DnsConfig.
[1110/004123.960:WARNING:dns_config_service_win.cc(669)] Failed to read DnsConfig.
[1110/004126.099:WARNING:dns_config_service_win.cc(669)] Failed to read DnsConfig.
[1110/004128.991:WARNING:dns_config_service_win.cc(669)] Failed to read DnsConfig.
[1110/004131.124:WARNING:dns_config_service_win.cc(669)] Failed to read DnsConfig.
[1110/004236.575:WARNING:dns_config_service_win.cc(669)] Failed to read DnsConfig.
[1110/004239.089:WARNING:dns_config_service_win.cc(669)] Failed to read DnsConfig.
[1110/004241.603:WARNING:dns_config_service_win.cc(669)] Failed to read DnsConfig.
[1110/004244.130:WARNING:dns_config_service_win.cc(669)] Failed to read DnsConfig.
[1110/004246.612:WARNING:dns_config_service_win.cc(669)] Failed to read DnsConfig.
[1110/004249.159:WARNING:dns_config_service_win.cc(669)] Failed to read DnsConfig.
[1110/004251.652:WARNING:dns_config_service_win.cc(669)] Failed to read DnsConfig.
[1110/004254.186:WARNING:dns_config_service_win.cc(669)] Failed to read DnsConfig.
[1110/004256.677:WARNING:dns_config_service_win.cc(669)] Failed to read DnsConfig.
[1110/004259.213:WARNING:dns_config_service_win.cc(669)] Failed to read DnsConfig.
[1110/004301.706:WARNING:dns_config_service_win.cc(669)] Failed to read DnsConfig.
[1110/004304.236:WARNING:dns_config_service_win.cc(669)] Failed to read DnsConfig.
[1110/004306.727:WARNING:dns_config_service_win.cc(669)] Failed to read DnsConfig.
[1110/004309.263:WARNING:dns_config_service_win.cc(669)] Failed to read DnsConfig.
[1110/004311.754:WARNING:dns_config_service_win.cc(669)] Failed to read DnsConfig.
[1110/004314.284:WARNING:dns_config_service_win.cc(669)] Failed to read DnsConfig.
[1110/004316.788:WARNING:dns_config_service_win.cc(669)] Failed to read DnsConfig.
[1110/004319.308:WARNING:dns_config_service_win.cc(669)] Failed to read DnsConfig.
[1110/004321.807:WARNING:dns_config_service_win.cc(669)] Failed to read DnsConfig.
[1110/004324.354:WARNING:dns_config_service_win.cc(669)] Failed to read DnsConfig.
[1110/004326.833:WARNING:dns_config_service_win.cc(669)] Failed to read DnsConfig.
[1110/004329.377:WARNING:dns_config_service_win.cc(669)] Failed to read DnsConfig.
[1110/004331.858:WARNING:dns_config_service_win.cc(669)] Failed to read DnsConfig.
[1110/004334.404:WARNING:dns_config_service_win.cc(669)] Failed to read DnsConfig.
[1110/004336.884:WARNING:dns_config_service_win.cc(669)] Failed to read DnsConfig.
[1110/132258.867:INFO:CONSOLE(375)] "Observable store detected, but no sort order specified. You may experience quirks when adding/updating items.  These can be resolved by setting a sort order on the list or grid.", source: http://54.215.2.79:8010/esp/files/dist/stub.eclwatch.js (375)
[1110/132309.938:INFO:CONSOLE(375)] "Observable store detected, but no sort order specified. You may experience quirks when adding/updating items.  These can be resolved by setting a sort order on the list or grid.", source: http://54.215.2.79:8010/esp/files/dist/stub.eclwatch.js (375)
[1110/132311.267:INFO:CONSOLE(375)] "Observable store detected, but no sort order specified. You may experience quirks when adding/updating items.  These can be resolved by setting a sort order on the list or grid.", source: http://54.215.2.79:8010/esp/files/dist/stub.eclwatch.js (375)
[1110/132315.159:INFO:CONSOLE(375)] "Observable store detected, but no sort order specified. You may experience quirks when adding/updating items.  These can be resolved by setting a sort order on the list or grid.", source: http://54.215.2.79:8010/esp/files/dist/stub.eclwatch.js (375)
[1110/132324.853:INFO:CONSOLE(375)] "Observable store detected, but no sort order specified. You may experience quirks when adding/updating items.  These can be resolved by setting a sort order on the list or grid.", source: http://54.215.2.79:8010/esp/files/dist/stub.eclwatch.js (375)
[1110/141311.523:INFO:CONSOLE(375)] "Observable store detected, but no sort order specified. You may experience quirks when adding/updating items.  These can be resolved by setting a sort order on the list or grid.", source: http://54.215.2.79:8010/esp/files/dist/stub.eclwatch.js (375)
[1110/143416.474:INFO:CONSOLE(375)] "Observable store detected, but no sort order specified. You may experience quirks when adding/updating items.  These can be resolved by setting a sort order on the list or grid.", source: http://54.215.2.79:8010/esp/files/dist/stub.eclwatch.js (375)
[1110/143513.419:INFO:CONSOLE(375)] "Observable store detected, but no sort order specified. You may experience quirks when adding/updating items.  These can be resolved by setting a sort order on the list or grid.", source: http://54.215.2.79:8010/esp/files/dist/stub.eclwatch.js (375)
[1110/143613.319:INFO:CONSOLE(375)] "Observable store detected, but no sort order specified. You may experience quirks when adding/updating items.  These can be resolved by setting a sort order on the list or grid.", source: http://54.215.2.79:8010/esp/files/dist/stub.eclwatch.js (375)
[1110/200449.565:WARNING:dns_config_service_win.cc(669)] Failed to read DnsConfig.
[1110/200451.935:WARNING:dns_config_service_win.cc(669)] Failed to read DnsConfig.
[1110/200452.416:WARNING:dns_config_service_win.cc(669)] Failed to read DnsConfig.
[1110/200454.577:WARNING:dns_config_service_win.cc(669)] Failed to read DnsConfig.
[1110/200456.947:WARNING:dns_config_service_win.cc(669)] Failed to read DnsConfig.
[1110/200457.434:WARNING:dns_config_service_win.cc(669)] Failed to read DnsConfig.
[1110/200459.598:WARNING:dns_config_service_win.cc(669)] Failed to read DnsConfig.
[1110/200604.885:WARNING:dns_config_service_win.cc(669)] Failed to read DnsConfig.
[1110/200607.489:WARNING:dns_config_service_win.cc(669)] Failed to read DnsConfig.
[1110/200609.917:WARNING:dns_config_service_win.cc(669)] Failed to read DnsConfig.
[1110/200612.531:WARNING:dns_config_service_win.cc(669)] Failed to read DnsConfig.
[1110/200614.940:WARNING:dns_config_service_win.cc(669)] Failed to read DnsConfig.
[1110/200617.560:WARNING:dns_config_service_win.cc(669)] Failed to read DnsConfig.
[1110/200619.959:WARNING:dns_config_service_win.cc(669)] Failed to read DnsConfig.
[1110/200622.588:WARNING:dns_config_service_win.cc(669)] Failed to read DnsConfig.
[1110/200624.986:WARNING:dns_config_service_win.cc(669)] Failed to read DnsConfig.
[1110/200627.616:WARNING:dns_config_service_win.cc(669)] Failed to read DnsConfig.
[1110/200630.013:WARNING:dns_config_service_win.cc(669)] Failed to read DnsConfig.
[1110/200632.643:WARNING:dns_config_service_win.cc(669)] Failed to read DnsConfig.
[1110/200635.041:WARNING:dns_config_service_win.cc(669)] Failed to read DnsConfig.
[1110/200637.671:WARNING:dns_config_service_win.cc(669)] Failed to read DnsConfig.
[1110/200640.068:WARNING:dns_config_service_win.cc(669)] Failed to read DnsConfig.
[1110/200642.697:WARNING:dns_config_service_win.cc(669)] Failed to read DnsConfig.
[1110/200645.105:WARNING:dns_config_service_win.cc(669)] Failed to read DnsConfig.
[1110/200647.740:WARNING:dns_config_service_win.cc(669)] Failed to read DnsConfig.
[1110/200650.130:WARNING:dns_config_service_win.cc(669)] Failed to read DnsConfig.
[1110/200652.760:WARNING:dns_config_service_win.cc(669)] Failed to read DnsConfig.
[1110/200655.157:WARNING:dns_config_service_win.cc(669)] Failed to read DnsConfig.
[1110/200657.786:WARNING:dns_config_service_win.cc(669)] Failed to read DnsConfig.
[1110/200700.188:WARNING:dns_config_service_win.cc(669)] Failed to read DnsConfig.
[1110/200702.826:WARNING:dns_config_service_win.cc(669)] Failed to read DnsConfig.
[1110/200746.603:WARNING:dns_config_service_win.cc(669)] Failed to read DnsConfig.
[1110/200749.436:WARNING:dns_config_service_win.cc(669)] Failed to read DnsConfig.
[1110/200751.621:WARNING:dns_config_service_win.cc(669)] Failed to read DnsConfig.
[1110/200754.461:WARNING:dns_config_service_win.cc(669)] Failed to read DnsConfig.
[1110/200756.649:WARNING:dns_config_service_win.cc(669)] Failed to read DnsConfig.
[1110/200901.857:WARNING:dns_config_service_win.cc(669)] Failed to read DnsConfig.
[1110/200904.381:WARNING:dns_config_service_win.cc(669)] Failed to read DnsConfig.
[1110/200906.895:WARNING:dns_config_service_win.cc(669)] Failed to read DnsConfig.
[1110/200909.407:WARNING:dns_config_service_win.cc(669)] Failed to read DnsConfig.
[1110/200911.904:WARNING:dns_config_service_win.cc(669)] Failed to read DnsConfig.
[1110/200914.450:WARNING:dns_config_service_win.cc(669)] Failed to read DnsConfig.
[1110/200916.933:WARNING:dns_config_service_win.cc(669)] Failed to read DnsConfig.
[1110/200919.475:WARNING:dns_config_service_win.cc(669)] Failed to read DnsConfig.
[1110/200921.958:WARNING:dns_config_service_win.cc(669)] Failed to read DnsConfig.
[1110/200924.502:WARNING:dns_config_service_win.cc(669)] Failed to read DnsConfig.
[1110/200926.984:WARNING:dns_config_service_win.cc(669)] Failed to read DnsConfig.
[1110/200929.529:WARNING:dns_config_service_win.cc(669)] Failed to read DnsConfig.
[1110/200932.012:WARNING:dns_config_service_win.cc(669)] Failed to read DnsConfig.
[1110/200934.573:WARNING:dns_config_service_win.cc(669)] Failed to read DnsConfig.
[1110/200937.015:WARNING:dns_config_service_win.cc(669)] Failed to read DnsConfig.
[1110/200939.597:WARNING:dns_config_service_win.cc(669)] Failed to read DnsConfig.
[1110/200942.056:WARNING:dns_config_service_win.cc(669)] Failed to read DnsConfig.
[1110/200944.636:WARNING:dns_config_service_win.cc(669)] Failed to read DnsConfig.
[1110/200947.081:WARNING:dns_config_service_win.cc(669)] Failed to read DnsConfig.
[1110/200949.662:WARNING:dns_config_service_win.cc(669)] Failed to read DnsConfig.
[1110/200952.090:WARNING:dns_config_service_win.cc(669)] Failed to read DnsConfig.
[1110/200954.687:WARNING:dns_config_service_win.cc(669)] Failed to read DnsConfig.
[1110/200957.132:WARNING:dns_config_service_win.cc(669)] Failed to read DnsConfig.
[1110/200959.715:WARNING:dns_config_service_win.cc(669)] Failed to read DnsConfig.
[1110/201102.931:WARNING:dns_config_service_win.cc(669)] Failed to read DnsConfig.
[1110/201107.965:WARNING:dns_config_service_win.cc(669)] Failed to read DnsConfig.
[1110/201215.091:WARNING:dns_config_service_win.cc(669)] Failed to read DnsConfig.
[1110/201217.678:WARNING:dns_config_service_win.cc(669)] Failed to read DnsConfig.
[1110/201220.121:WARNING:dns_config_service_win.cc(669)] Failed to read DnsConfig.
[1110/201222.719:WARNING:dns_config_service_win.cc(669)] Failed to read DnsConfig.
[1110/201225.147:WARNING:dns_config_service_win.cc(669)] Failed to read DnsConfig.
[1110/201227.743:WARNING:dns_config_service_win.cc(669)] Failed to read DnsConfig.
[1110/201230.166:WARNING:dns_config_service_win.cc(669)] Failed to read DnsConfig.
[1110/201232.774:WARNING:dns_config_service_win.cc(669)] Failed to read DnsConfig.
[1110/201235.199:WARNING:dns_config_service_win.cc(669)] Failed to read DnsConfig.
[1110/201237.797:WARNING:dns_config_service_win.cc(669)] Failed to read DnsConfig.
[1110/201240.224:WARNING:dns_config_service_win.cc(669)] Failed to read DnsConfig.
[1110/201242.822:WARNING:dns_config_service_win.cc(669)] Failed to read DnsConfig.
[1110/201245.242:WARNING:dns_config_service_win.cc(669)] Failed to read DnsConfig.
[1110/201247.854:WARNING:dns_config_service_win.cc(669)] Failed to read DnsConfig.
[1110/201250.268:WARNING:dns_config_service_win.cc(669)] Failed to read DnsConfig.
[1110/201252.895:WARNING:dns_config_service_win.cc(669)] Failed to read DnsConfig.
[1110/201255.291:WARNING:dns_config_service_win.cc(669)] Failed to read DnsConfig.
[1110/201257.923:WARNING:dns_config_service_win.cc(669)] Failed to read DnsConfig.
[1110/201300.311:WARNING:dns_config_service_win.cc(669)] Failed to read DnsConfig.
[1110/201302.956:WARNING:dns_config_service_win.cc(669)] Failed to read DnsConfig.
[1110/201305.352:WARNING:dns_config_service_win.cc(669)] Failed to read DnsConfig.
[1110/201307.984:WARNING:dns_config_service_win.cc(669)] Failed to read DnsConfig.
[1110/201310.380:WARNING:dns_config_service_win.cc(669)] Failed to read DnsConfig.
[1110/201313.022:WARNING:dns_config_service_win.cc(669)] Failed to read DnsConfig.
[1110/220524.843:WARNING:dns_config_service_win.cc(669)] Failed to read DnsConfig.
[1110/220527.691:WARNING:dns_config_service_win.cc(669)] Failed to read DnsConfig.
[1110/220529.868:WARNING:dns_config_service_win.cc(669)] Failed to read DnsConfig.
[1110/220532.716:WARNING:dns_config_service_win.cc(669)] Failed to read DnsConfig.
[1110/220534.888:WARNING:dns_config_service_win.cc(669)] Failed to read DnsConfig.
[1110/220537.743:WARNING:dns_config_service_win.cc(669)] Failed to read DnsConfig.
[1110/220539.903:WARNING:dns_config_service_win.cc(669)] Failed to read DnsConfig.
[1110/220542.764:WARNING:dns_config_service_win.cc(669)] Failed to read DnsConfig.
[1110/220544.934:WARNING:dns_config_service_win.cc(669)] Failed to read DnsConfig.
[1110/220547.814:WARNING:dns_config_service_win.cc(669)] Failed to read DnsConfig.
[1110/220549.963:WARNING:dns_config_service_win.cc(669)] Failed to read DnsConfig.
[1110/220552.834:WARNING:dns_config_service_win.cc(669)] Failed to read DnsConfig.
[1110/220554.992:WARNING:dns_config_service_win.cc(669)] Failed to read DnsConfig.
[1110/220557.861:WARNING:dns_config_service_win.cc(669)] Failed to read DnsConfig.
[1110/220600.026:WARNING:dns_config_service_win.cc(669)] Failed to read DnsConfig.
[1110/220602.888:WARNING:dns_config_service_win.cc(669)] Failed to read DnsConfig.
[1110/220605.045:WARNING:dns_config_service_win.cc(669)] Failed to read DnsConfig.
[1110/220607.914:WARNING:dns_config_service_win.cc(669)] Failed to read DnsConfig.
[1110/220610.072:WARNING:dns_config_service_win.cc(669)] Failed to read DnsConfig.
[1110/220612.953:WARNING:dns_config_service_win.cc(669)] Failed to read DnsConfig.
[1110/220615.093:WARNING:dns_config_service_win.cc(669)] Failed to read DnsConfig.
[1110/220617.985:WARNING:dns_config_service_win.cc(669)] Failed to read DnsConfig.
[1110/220620.119:WARNING:dns_config_service_win.cc(669)] Failed to read DnsConfig.
[1110/220623.012:WARNING:dns_config_service_win.cc(669)] Failed to read DnsConfig.
[1110/220625.146:WARNING:dns_config_service_win.cc(669)] Failed to read DnsConfig.
[1110/220628.050:WARNING:dns_config_service_win.cc(669)] Failed to read DnsConfig.
[1110/220630.164:WARNING:dns_config_service_win.cc(669)] Failed to read DnsConfig.
[1110/220633.070:WARNING:dns_config_service_win.cc(669)] Failed to read DnsConfig.
[1110/220635.185:WARNING:dns_config_service_win.cc(669)] Failed to read DnsConfig.
[1110/220638.078:WARNING:dns_config_service_win.cc(669)] Failed to read DnsConfig.
[1110/220640.210:WARNING:dns_config_service_win.cc(669)] Failed to read DnsConfig.
[1110/220643.119:WARNING:dns_config_service_win.cc(669)] Failed to read DnsConfig.
[1110/220645.253:WARNING:dns_config_service_win.cc(669)] Failed to read DnsConfig.
[1110/220648.142:WARNING:dns_config_service_win.cc(669)] Failed to read DnsConfig.
[1110/220650.291:WARNING:dns_config_service_win.cc(669)] Failed to read DnsConfig.
[1110/220653.154:WARNING:dns_config_service_win.cc(669)] Failed to read DnsConfig.
[1110/220655.319:WARNING:dns_config_service_win.cc(669)] Failed to read DnsConfig.
[1110/220658.182:WARNING:dns_config_service_win.cc(669)] Failed to read DnsConfig.
[1110/220700.345:WARNING:dns_config_service_win.cc(669)] Failed to read DnsConfig.
[1110/220703.211:WARNING:dns_config_service_win.cc(669)] Failed to read DnsConfig.
[1110/220705.370:WARNING:dns_config_service_win.cc(669)] Failed to read DnsConfig.
[1110/220708.224:WARNING:dns_config_service_win.cc(669)] Failed to read DnsConfig.
[1110/220710.396:WARNING:dns_config_service_win.cc(669)] Failed to read DnsConfig.
[1110/220713.248:WARNING:dns_config_service_win.cc(669)] Failed to read DnsConfig.
[1110/220715.422:WARNING:dns_config_service_win.cc(669)] Failed to read DnsConfig.
[1110/220718.275:WARNING:dns_config_service_win.cc(669)] Failed to read DnsConfig.
[1110/220720.449:WARNING:dns_config_service_win.cc(669)] Failed to read DnsConfig.
[1110/220723.314:WARNING:dns_config_service_win.cc(669)] Failed to read DnsConfig.
[1110/220725.478:WARNING:dns_config_service_win.cc(669)] Failed to read DnsConfig.
[1110/220728.337:WARNING:dns_config_service_win.cc(669)] Failed to read DnsConfig.
[1110/220730.500:WARNING:dns_config_service_win.cc(669)] Failed to read DnsConfig.
[1110/220733.363:WARNING:dns_config_service_win.cc(669)] Failed to read DnsConfig.
[1110/220735.527:WARNING:dns_config_service_win.cc(669)] Failed to read DnsConfig.
[1110/220738.389:WARNING:dns_config_service_win.cc(669)] Failed to read DnsConfig.
[1110/220740.554:WARNING:dns_config_service_win.cc(669)] Failed to read DnsConfig.
[1110/220743.432:WARNING:dns_config_service_win.cc(669)] Failed to read DnsConfig.
[1110/220745.586:WARNING:dns_config_service_win.cc(669)] Failed to read DnsConfig.
[1110/220748.462:WARNING:dns_config_service_win.cc(669)] Failed to read DnsConfig.
[1110/220750.619:WARNING:dns_config_service_win.cc(669)] Failed to read DnsConfig.
[1110/220753.488:WARNING:dns_config_service_win.cc(669)] Failed to read DnsConfig.
[1110/220755.647:WARNING:dns_config_service_win.cc(669)] Failed to read DnsConfig.
[1110/220758.512:WARNING:dns_config_service_win.cc(669)] Failed to read DnsConfig.
[1110/220800.672:WARNING:dns_config_service_win.cc(669)] Failed to read DnsConfig.
[1110/220803.551:WARNING:dns_config_service_win.cc(669)] Failed to read DnsConfig.
[1110/220805.701:WARNING:dns_config_service_win.cc(669)] Failed to read DnsConfig.
[1110/220808.579:WARNING:dns_config_service_win.cc(669)] Failed to read DnsConfig.
[1110/220810.727:WARNING:dns_config_service_win.cc(669)] Failed to read DnsConfig.
[1110/220813.605:WARNING:dns_config_service_win.cc(669)] Failed to read DnsConfig.
[1110/220815.754:WARNING:dns_config_service_win.cc(669)] Failed to read DnsConfig.
[1110/220818.632:WARNING:dns_config_service_win.cc(669)] Failed to read DnsConfig.
[1110/220820.782:WARNING:dns_config_service_win.cc(669)] Failed to read DnsConfig.
[1110/220823.660:WARNING:dns_config_service_win.cc(669)] Failed to read DnsConfig.
[1110/220825.809:WARNING:dns_config_service_win.cc(669)] Failed to read DnsConfig.
[1110/220828.681:WARNING:dns_config_service_win.cc(669)] Failed to read DnsConfig.
[1110/220830.837:WARNING:dns_config_service_win.cc(669)] Failed to read DnsConfig.
[1110/220833.707:WARNING:dns_config_service_win.cc(669)] Failed to read DnsConfig.
[1110/220835.869:WARNING:dns_config_service_win.cc(669)] Failed to read DnsConfig.
[1110/220838.731:WARNING:dns_config_service_win.cc(669)] Failed to read DnsConfig.
[1110/220840.896:WARNING:dns_config_service_win.cc(669)] Failed to read DnsConfig.
[1110/220843.757:WARNING:dns_config_service_win.cc(669)] Failed to read DnsConfig.
[1110/220845.923:WARNING:dns_config_service_win.cc(669)] Failed to read DnsConfig.
[1110/220848.792:WARNING:dns_config_service_win.cc(669)] Failed to read DnsConfig.
[1110/220850.944:WARNING:dns_config_service_win.cc(669)] Failed to read DnsConfig.
[1110/220853.826:WARNING:dns_config_service_win.cc(669)] Failed to read DnsConfig.
[1110/220855.968:WARNING:dns_config_service_win.cc(669)] Failed to read DnsConfig.
[1110/220858.852:WARNING:dns_config_service_win.cc(669)] Failed to read DnsConfig.
[1110/220900.995:WARNING:dns_config_service_win.cc(669)] Failed to read DnsConfig.
[1110/220903.880:WARNING:dns_config_service_win.cc(669)] Failed to read DnsConfig.
[1110/220906.029:WARNING:dns_config_service_win.cc(669)] Failed to read DnsConfig.
[1110/220908.907:WARNING:dns_config_service_win.cc(669)] Failed to read DnsConfig.
[1110/220911.058:WARNING:dns_config_service_win.cc(669)] Failed to read DnsConfig.
[1110/220913.936:WARNING:dns_config_service_win.cc(669)] Failed to read DnsConfig.
[1110/220916.086:WARNING:dns_config_service_win.cc(669)] Failed to read DnsConfig.
[1110/220918.961:WARNING:dns_config_service_win.cc(669)] Failed to read DnsConfig.
[1110/220921.111:WARNING:dns_config_service_win.cc(669)] Failed to read DnsConfig.
[1110/220923.989:WARNING:dns_config_service_win.cc(669)] Failed to read DnsConfig.
[1110/220926.139:WARNING:dns_config_service_win.cc(669)] Failed to read DnsConfig.
[1110/220929.013:WARNING:dns_config_service_win.cc(669)] Failed to read DnsConfig.
[1110/220931.175:WARNING:dns_config_service_win.cc(669)] Failed to read DnsConfig.
[1110/220934.042:WARNING:dns_config_service_win.cc(669)] Failed to read DnsConfig.
[1110/220936.215:WARNING:dns_config_service_win.cc(669)] Failed to read DnsConfig.
[1110/220939.076:WARNING:dns_config_service_win.cc(669)] Failed to read DnsConfig.
[1110/220941.239:WARNING:dns_config_service_win.cc(669)] Failed to read DnsConfig.
[1110/220944.106:WARNING:dns_config_service_win.cc(669)] Failed to read DnsConfig.
[1110/220946.264:WARNING:dns_config_service_win.cc(669)] Failed to read DnsConfig.
[1110/221023.368:WARNING:dns_config_service_win.cc(669)] Failed to read DnsConfig.
[1110/221028.393:WARNING:dns_config_service_win.cc(669)] Failed to read DnsConfig.
[1110/221136.594:WARNING:dns_config_service_win.cc(669)] Failed to read DnsConfig.
[1110/221139.040:WARNING:dns_config_service_win.cc(669)] Failed to read DnsConfig.
[1110/221141.622:WARNING:dns_config_service_win.cc(669)] Failed to read DnsConfig.
[1110/221144.085:WARNING:dns_config_service_win.cc(669)] Failed to read DnsConfig.
[1110/221146.645:WARNING:dns_config_service_win.cc(669)] Failed to read DnsConfig.
[1110/221149.126:WARNING:dns_config_service_win.cc(669)] Failed to read DnsConfig.
[1110/221151.668:WARNING:dns_config_service_win.cc(669)] Failed to read DnsConfig.
[1110/221154.143:WARNING:dns_config_service_win.cc(669)] Failed to read DnsConfig.
[1110/221156.709:WARNING:dns_config_service_win.cc(669)] Failed to read DnsConfig.
[1110/221159.168:WARNING:dns_config_service_win.cc(669)] Failed to read DnsConfig.
[1110/221201.733:WARNING:dns_config_service_win.cc(669)] Failed to read DnsConfig.
[1110/221204.192:WARNING:dns_config_service_win.cc(669)] Failed to read DnsConfig.
[1110/221206.743:WARNING:dns_config_service_win.cc(669)] Failed to read DnsConfig.
[1110/221209.218:WARNING:dns_config_service_win.cc(669)] Failed to read DnsConfig.
[1110/221211.770:WARNING:dns_config_service_win.cc(669)] Failed to read DnsConfig.
[1110/221214.246:WARNING:dns_config_service_win.cc(669)] Failed to read DnsConfig.
[1110/221216.810:WARNING:dns_config_service_win.cc(669)] Failed to read DnsConfig.
[1110/221219.270:WARNING:dns_config_service_win.cc(669)] Failed to read DnsConfig.
[1110/221221.825:WARNING:dns_config_service_win.cc(669)] Failed to read DnsConfig.
[1110/221224.297:WARNING:dns_config_service_win.cc(669)] Failed to read DnsConfig.
[1110/221226.868:WARNING:dns_config_service_win.cc(669)] Failed to read DnsConfig.
[1110/221229.334:WARNING:dns_config_service_win.cc(669)] Failed to read DnsConfig.
[1110/221231.894:WARNING:dns_config_service_win.cc(669)] Failed to read DnsConfig.
[1110/221234.357:WARNING:dns_config_service_win.cc(669)] Failed to read DnsConfig.
[1110/221319.153:WARNING:dns_config_service_win.cc(669)] Failed to read DnsConfig.
[1110/221321.957:WARNING:dns_config_service_win.cc(669)] Failed to read DnsConfig.
[1110/221324.177:WARNING:dns_config_service_win.cc(669)] Failed to read DnsConfig.
[1110/221326.977:WARNING:dns_config_service_win.cc(669)] Failed to read DnsConfig.
[1110/221329.187:WARNING:dns_config_service_win.cc(669)] Failed to read DnsConfig.
[1110/221435.074:WARNING:dns_config_service_win.cc(669)] Failed to read DnsConfig.
[1110/221437.544:WARNING:dns_config_service_win.cc(669)] Failed to read DnsConfig.
[1110/221440.088:WARNING:dns_config_service_win.cc(669)] Failed to read DnsConfig.
[1110/221442.570:WARNING:dns_config_service_win.cc(669)] Failed to read DnsConfig.
[1110/221445.113:WARNING:dns_config_service_win.cc(669)] Failed to read DnsConfig.
[1110/221447.595:WARNING:dns_config_service_win.cc(669)] Failed to read DnsConfig.
[1110/221450.158:WARNING:dns_config_service_win.cc(669)] Failed to read DnsConfig.
[1110/221452.624:WARNING:dns_config_service_win.cc(669)] Failed to read DnsConfig.
[1110/221455.169:WARNING:dns_config_service_win.cc(669)] Failed to read DnsConfig.
[1110/221457.651:WARNING:dns_config_service_win.cc(669)] Failed to read DnsConfig.
[1110/221500.189:WARNING:dns_config_service_win.cc(669)] Failed to read DnsConfig.
[1110/221502.675:WARNING:dns_config_service_win.cc(669)] Failed to read DnsConfig.
[1110/221505.204:WARNING:dns_config_service_win.cc(669)] Failed to read DnsConfig.
[1110/221507.701:WARNING:dns_config_service_win.cc(669)] Failed to read DnsConfig.
[1110/221510.233:WARNING:dns_config_service_win.cc(669)] Failed to read DnsConfig.
[1110/221512.729:WARNING:dns_config_service_win.cc(669)] Failed to read DnsConfig.
[1110/221515.257:WARNING:dns_config_service_win.cc(669)] Failed to read DnsConfig.
[1110/221517.754:WARNING:dns_config_service_win.cc(669)] Failed to read DnsConfig.
[1110/221520.282:WARNING:dns_config_service_win.cc(669)] Failed to read DnsConfig.
[1110/221522.791:WARNING:dns_config_service_win.cc(669)] Failed to read DnsConfig.
[1110/221525.303:WARNING:dns_config_service_win.cc(669)] Failed to read DnsConfig.
[1110/221527.829:WARNING:dns_config_service_win.cc(669)] Failed to read DnsConfig.
[1110/221530.342:WARNING:dns_config_service_win.cc(669)] Failed to read DnsConfig.
[1110/221532.880:WARNING:dns_config_service_win.cc(669)] Failed to read DnsConfig.
[1110/221636.056:WARNING:dns_config_service_win.cc(669)] Failed to read DnsConfig.
[1110/221641.089:WARNING:dns_config_service_win.cc(669)] Failed to read DnsConfig.
[1110/221748.570:WARNING:dns_config_service_win.cc(669)] Failed to read DnsConfig.
[1110/221751.096:WARNING:dns_config_service_win.cc(669)] Failed to read DnsConfig.
[1110/221753.591:WARNING:dns_config_service_win.cc(669)] Failed to read DnsConfig.
[1110/221756.120:WARNING:dns_config_service_win.cc(669)] Failed to read DnsConfig.
[1110/221758.618:WARNING:dns_config_service_win.cc(669)] Failed to read DnsConfig.
[1110/221801.145:WARNING:dns_config_service_win.cc(669)] Failed to read DnsConfig.
[1110/221803.643:WARNING:dns_config_service_win.cc(669)] Failed to read DnsConfig.
[1110/221806.172:WARNING:dns_config_service_win.cc(669)] Failed to read DnsConfig.
[1110/221808.670:WARNING:dns_config_service_win.cc(669)] Failed to read DnsConfig.
[1110/221811.199:WARNING:dns_config_service_win.cc(669)] Failed to read DnsConfig.
[1110/221813.695:WARNING:dns_config_service_win.cc(669)] Failed to read DnsConfig.
[1110/221816.230:WARNING:dns_config_service_win.cc(669)] Failed to read DnsConfig.
[1110/221818.722:WARNING:dns_config_service_win.cc(669)] Failed to read DnsConfig.
[1110/221821.252:WARNING:dns_config_service_win.cc(669)] Failed to read DnsConfig.
[1110/221823.750:WARNING:dns_config_service_win.cc(669)] Failed to read DnsConfig.
[1110/221826.278:WARNING:dns_config_service_win.cc(669)] Failed to read DnsConfig.
[1110/221828.787:WARNING:dns_config_service_win.cc(669)] Failed to read DnsConfig.
[1110/221831.312:WARNING:dns_config_service_win.cc(669)] Failed to read DnsConfig.
[1110/221833.809:WARNING:dns_config_service_win.cc(669)] Failed to read DnsConfig.
[1110/221836.339:WARNING:dns_config_service_win.cc(669)] Failed to read DnsConfig.
[1110/221838.833:WARNING:dns_config_service_win.cc(669)] Failed to read DnsConfig.
[1110/221841.361:WARNING:dns_config_service_win.cc(669)] Failed to read DnsConfig.
[1110/221843.856:WARNING:dns_config_service_win.cc(669)] Failed to read DnsConfig.
[1110/221846.386:WARNING:dns_config_service_win.cc(669)] Failed to read DnsConfig.
